<?xml version="1.0" encoding="UTF-8"?>
<!-- Generated by org.testng.reporters.JUnitReportReporter -->
<testsuite skipped="0" hostname="DESKTOP-1BDQC6B" name="testcases.SecondTest" tests="1" failures="0" timestamp="06 Jun 2020 16:48:33 GMT" time="0.002" errors="0">
  <testcase name="secondTest" time="0.002" classname="testcases.SecondTest"/>
</testsuite> <!-- testcases.SecondTest -->
